<?xml version="1.0" encoding="UTF-8"?>
<Site BuildName="Win32-MSBuild"
	BuildStamp="20241224-0300-Experimental"
	Name="LAPHOCTAPCUAHUY"
	Generator="ctest-3.26.4"
	CompilerName="C:/Program Files/Microsoft Visual Studio/2022/Community/VC/Tools/MSVC/14.42.34433/bin/Hostx64/x64/cl.exe"
	CompilerVersion="19.42.34433.0"
	OSName="Windows"
	Hostname="LAPHOCTAPCUAHUY"
	OSRelease=" Professional"
	OSVersion=" (Build 9200)"
	OSPlatform="AMD64"
	Is64Bits="1"
	VendorString=""
	VendorID="Unknown Manufacturer"
	FamilyID="0"
	ModelID="0"
	ProcessorCacheSize="0"
	NumberOfLogicalCPU="8"
	NumberOfPhysicalCPU="4"
	TotalVirtualMemory="30503"
	TotalPhysicalMemory="16167"
	LogicalProcessorsPerPhysical="2"
	ProcessorClockFrequency="3110"
	>
	<Testing>
		<StartDateTime>Dec 24 10:00 SE Asia Standard Time</StartDateTime>
		<StartTestTime>1735009210</StartTestTime>
		<TestList/>
		<EndDateTime>Dec 24 10:00 SE Asia Standard Time</EndDateTime>
		<EndTestTime>1735009210</EndTestTime>
		<ElapsedMinutes>0</ElapsedMinutes>
	</Testing>
</Site>
